<?xml version="1.0" encoding="UTF-8"?>
<testsuite name="TestTest" tests="1" skipped="0" failures="0" errors="0" timestamp="2020-12-27T18:58:08" hostname="gimsungjaem.local" time="0.017">
  <properties/>
  <testcase name="test()" classname="TestTest" time="0.017"/>
  <system-out><![CDATA[test
]]></system-out>
  <system-err><![CDATA[]]></system-err>
</testsuite>
