<?xml version="1.0" encoding="UTF-8"?>
<testsuite name="ParticipantTest" tests="1" skipped="0" failures="0" errors="0" timestamp="2021-01-09T11:50:22" hostname="gimsungjaem.local" time="10.631">
  <properties/>
  <testcase name="printRateTest()" classname="ParticipantTest" time="10.631"/>
  <system-out><![CDATA[ssonsh님의 참여율              : 100.00 %
clap1030님의 참여율            : 100.00 %
KyungJae-Jang님의 참여율       : 100.00 %
sskim91님의 참여율             : 100.00 %
devShLee7017님의 참여율        : 100.00 %
tocgic님의 참여율              : 100.00 %
jongnan님의 참여율             : 100.00 %
chlaudeh님의 참여율            : 100.00 %
jaxx2001님의 참여율            : 100.00 %
mongzza님의 참여율             : 100.00 %
minzzang님의 참여율            : 100.00 %
good-influence님의 참여율      : 100.00 %
etff님의 참여율                : 100.00 %
s0w0s님의 참여율               : 100.00 %
hojunnnnn님의 참여율           : 100.00 %
limyeonsoo님의 참여율          : 100.00 %
iseunghan님의 참여율           : 100.00 %
damho1104님의 참여율           : 100.00 %
Youngerjesus님의 참여율        : 100.00 %
yky03님의 참여율               : 100.00 %
JadenKim940105님의 참여율      : 100.00 %
GGob2님의 참여율               : 100.00 %
heonjun91님의 참여율           : 100.00 %
boraborason님의 참여율         : 100.00 %
GetMapping님의 참여율          : 100.00 %
SooJungDev님의 참여율          : 100.00 %
ZhenxiKim님의 참여율           : 100.00 %
chulphan님의 참여율            : 100.00 %
sjinjin7님의 참여율            : 100.00 %
jwsims1995님의 참여율          : 100.00 %
dacapolife87님의 참여율        : 100.00 %
abcdsds님의 참여율             : 100.00 %
sinchang1님의 참여율           : 100.00 %
LeeWoooo님의 참여율            : 100.00 %
rlatmd0829님의 참여율          : 100.00 %
ChoiGiSung님의 참여율          : 100.00 %
RealSong88님의 참여율          : 100.00 %
ksundong님의 참여율            : 100.00 %
Resilient923님의 참여율        : 100.00 %
kjw217님의 참여율              : 100.00 %
LeeGiCheol님의 참여율          : 100.00 %
sejongdeveloper님의 참여율     : 100.00 %
Yadon079님의 참여율            : 100.00 %
Chohongjae님의 참여율          : 100.00 %
githubjam2님의 참여율          : 100.00 %
minikuma님의 참여율            : 100.00 %
garlickim님의 참여율           : 100.00 %
pej4303님의 참여율             : 100.00 %
sungpillhong님의 참여율        : 100.00 %
kyu9님의 참여율                : 100.00 %
1031nice님의 참여율            : 100.00 %
Junhan0037님의 참여율          : 100.00 %
Lob-dev님의 참여율             : 100.00 %
anna9001님의 참여율            : 100.00 %
thisisyoungbin님의 참여율      : 100.00 %
doyoung0205님의 참여율         : 100.00 %
haenyilee님의 참여율           : 100.00 %
asqwklop12님의 참여율          : 100.00 %
Parkyunhwan님의 참여율         : 100.00 %
resister12님의 참여율          : 100.00 %
jiwoo-choi님의 참여율          : 100.00 %
jeeneee님의 참여율             : 100.00 %
SeungWoo-Oh님의 참여율         : 100.00 %
sujl95님의 참여율              : 100.00 %
ysmiler님의 참여율             : 100.00 %
rshak8912님의 참여율           : 100.00 %
SJParkkk님의 참여율            : 100.00 %
soongjamm님의 참여율           : 100.00 %
yeGenieee님의 참여율           : 100.00 %
parksil0님의 참여율            : 100.00 %
UmJaeJeong님의 참여율          : 100.00 %
ohsg0226님의 참여율            : 100.00 %
dmstjd1024님의 참여율          : 100.00 %
kingsubin님의 참여율           : 100.00 %
hyeonic님의 참여율             : 100.00 %
CODEMCD님의 참여율             : 100.00 %
rockintuna님의 참여율          : 100.00 %
nimkoes님의 참여율             : 100.00 %
Gomding님의 참여율             : 100.00 %
YeseulDo님의 참여율            : 100.00 %
castleCircle님의 참여율        : 100.00 %
ksj0109188님의 참여율          : 100.00 %
lee-maru님의 참여율            : 100.00 %
KilJaeeun님의 참여율           : 100.00 %
gtpe님의 참여율                : 100.00 %
Azderica님의 참여율            : 100.00 %
hongminpark님의 참여율         : 100.00 %
league3236님의 참여율          : 100.00 %
jymaeng95님의 참여율           : 100.00 %
ohhhmycode님의 참여율          : 100.00 %
jjone36님의 참여율             : 100.00 %
haemin-jeong님의 참여율        : 100.00 %
jigmini님의 참여율             : 100.00 %
ShimSeoungChul님의 참여율      : 100.00 %
2yeseul님의 참여율             : 100.00 %
ByungJun25님의 참여율          : 100.00 %
Jangilkyu님의 참여율           : 100.00 %
9m1i9n1님의 참여율             : 100.00 %
sangwoobae님의 참여율          : 100.00 %
DevelopJKong님의 참여율        : 100.00 %
pka0220z님의 참여율            : 100.00 %
JeongJin984님의 참여율         : 100.00 %
cocodori님의 참여율            : 100.00 %
Yo0oN님의 참여율               : 100.00 %
redbean88님의 참여율           : 100.00 %
Ahnyezi님의 참여율             : 100.00 %
inhalin님의 참여율             : 100.00 %
tbnsok40님의 참여율            : 100.00 %
JJongSue님의 참여율            : 100.00 %
hoi-hoon님의 참여율            : 100.00 %
LeeJeongSeok님의 참여율        : 100.00 %
keunyop님의 참여율             : 100.00 %
integer87님의 참여율           : 100.00 %
Jason-time님의 참여율          : 100.00 %
yangseungin님의 참여율         : 100.00 %
WonYong-Jang님의 참여율        : 100.00 %
bingbingpa님의 참여율          : 100.00 %
giyeon95님의 참여율            : 100.00 %
ddings73님의 참여율            : 100.00 %
Sungjun-HQ님의 참여율          : 100.00 %
honux77님의 참여율             : 100.00 %
gcha-kim님의 참여율            : 100.00 %
MoonHKLee님의 참여율           : 100.00 %
numuduwer님의 참여율           : 100.00 %
KJJ924님의 참여율              : 100.00 %
yhh1056님의 참여율             : 100.00 %
]]></system-out>
  <system-err><![CDATA[]]></system-err>
</testsuite>
